2024-07-29 12:21:54,570 - logging_setup - INFO - Loading data from data/mushrooms.csv...
2024-07-29 12:21:54,585 - logging_setup - INFO - Preprocessing data...
2024-07-29 12:21:54,588 - logging_setup - INFO - Encoding column: class
2024-07-29 12:21:54,590 - logging_setup - INFO - Encoding column: cap-shape
2024-07-29 12:21:54,591 - logging_setup - INFO - Encoding column: cap-surface
2024-07-29 12:21:54,593 - logging_setup - INFO - Encoding column: cap-color
2024-07-29 12:21:54,594 - logging_setup - INFO - Encoding column: bruises
2024-07-29 12:21:54,595 - logging_setup - INFO - Encoding column: odor
2024-07-29 12:21:54,597 - logging_setup - INFO - Encoding column: gill-attachment
2024-07-29 12:21:54,598 - logging_setup - INFO - Encoding column: gill-spacing
2024-07-29 12:21:54,599 - logging_setup - INFO - Encoding column: gill-size
2024-07-29 12:21:54,601 - logging_setup - INFO - Encoding column: gill-color
2024-07-29 12:21:54,602 - logging_setup - INFO - Encoding column: stalk-shape
2024-07-29 12:21:54,603 - logging_setup - INFO - Encoding column: stalk-root
2024-07-29 12:21:54,606 - logging_setup - INFO - Encoding column: stalk-surface-above-ring
2024-07-29 12:21:54,608 - logging_setup - INFO - Encoding column: stalk-surface-below-ring
2024-07-29 12:21:54,611 - logging_setup - INFO - Encoding column: stalk-color-above-ring
2024-07-29 12:21:54,613 - logging_setup - INFO - Encoding column: stalk-color-below-ring
2024-07-29 12:21:54,615 - logging_setup - INFO - Encoding column: veil-type
2024-07-29 12:21:54,617 - logging_setup - INFO - Encoding column: veil-color
2024-07-29 12:21:54,619 - logging_setup - INFO - Encoding column: ring-number
2024-07-29 12:21:54,621 - logging_setup - INFO - Encoding column: ring-type
2024-07-29 12:21:54,623 - logging_setup - INFO - Encoding column: spore-print-color
2024-07-29 12:21:54,625 - logging_setup - INFO - Encoding column: population
2024-07-29 12:21:54,627 - logging_setup - INFO - Encoding column: habitat
2024-07-29 12:21:54,629 - logging_setup - INFO - Data preprocessing completed.
2024-07-29 12:21:54,634 - logging_setup - INFO - Splitting data into training and testing sets...
2024-07-29 12:21:54,640 - logging_setup - INFO - Training the model...
2024-07-29 12:21:54,886 - logging_setup - INFO - Evaluating the model...
2024-07-29 12:21:54,909 - logging_setup - INFO - Accuracy: 1.0
2024-07-29 12:21:54,909 - logging_setup - INFO - 
Classification Report:
              precision    recall  f1-score   support

           0       1.00      1.00      1.00       843
           1       1.00      1.00      1.00       782

    accuracy                           1.00      1625
   macro avg       1.00      1.00      1.00      1625
weighted avg       1.00      1.00      1.00      1625

2024-07-29 12:21:54,910 - logging_setup - INFO - Saving model and encoders...
2024-07-29 12:21:54,940 - logging_setup - INFO - Script execution completed.
2024-07-29 12:23:45,174 - logging_setup - INFO - Loading data from data/mushrooms.csv...
2024-07-29 12:23:45,187 - logging_setup - INFO - Preprocessing data...
2024-07-29 12:23:45,188 - logging_setup - INFO - Encoding column: class
2024-07-29 12:23:45,189 - logging_setup - INFO - Encoding column: cap-shape
2024-07-29 12:23:45,191 - logging_setup - INFO - Encoding column: cap-surface
2024-07-29 12:23:45,192 - logging_setup - INFO - Encoding column: cap-color
2024-07-29 12:23:45,193 - logging_setup - INFO - Encoding column: bruises
2024-07-29 12:23:45,195 - logging_setup - INFO - Encoding column: odor
2024-07-29 12:23:45,196 - logging_setup - INFO - Encoding column: gill-attachment
2024-07-29 12:23:45,198 - logging_setup - INFO - Encoding column: gill-spacing
2024-07-29 12:23:45,199 - logging_setup - INFO - Encoding column: gill-size
2024-07-29 12:23:45,201 - logging_setup - INFO - Encoding column: gill-color
2024-07-29 12:23:45,202 - logging_setup - INFO - Encoding column: stalk-shape
2024-07-29 12:23:45,203 - logging_setup - INFO - Encoding column: stalk-root
2024-07-29 12:23:45,204 - logging_setup - INFO - Encoding column: stalk-surface-above-ring
2024-07-29 12:23:45,206 - logging_setup - INFO - Encoding column: stalk-surface-below-ring
2024-07-29 12:23:45,207 - logging_setup - INFO - Encoding column: stalk-color-above-ring
2024-07-29 12:23:45,208 - logging_setup - INFO - Encoding column: stalk-color-below-ring
2024-07-29 12:23:45,210 - logging_setup - INFO - Encoding column: veil-type
2024-07-29 12:23:45,211 - logging_setup - INFO - Encoding column: veil-color
2024-07-29 12:23:45,214 - logging_setup - INFO - Encoding column: ring-number
2024-07-29 12:23:45,215 - logging_setup - INFO - Encoding column: ring-type
2024-07-29 12:23:45,217 - logging_setup - INFO - Encoding column: spore-print-color
2024-07-29 12:23:45,219 - logging_setup - INFO - Encoding column: population
2024-07-29 12:23:45,222 - logging_setup - INFO - Encoding column: habitat
2024-07-29 12:23:45,224 - logging_setup - INFO - Data preprocessing completed.
2024-07-29 12:23:45,226 - logging_setup - INFO - Splitting data into training and testing sets...
2024-07-29 12:23:45,231 - logging_setup - INFO - Training the model...
2024-07-29 12:23:45,444 - logging_setup - INFO - Evaluating the model...
2024-07-29 12:23:45,461 - logging_setup - INFO - Accuracy: 1.0
2024-07-29 12:23:45,461 - logging_setup - INFO - 
Classification Report:
              precision    recall  f1-score   support

           0       1.00      1.00      1.00       843
           1       1.00      1.00      1.00       782

    accuracy                           1.00      1625
   macro avg       1.00      1.00      1.00      1625
weighted avg       1.00      1.00      1.00      1625

2024-07-29 12:23:45,462 - logging_setup - INFO - Saving model and encoders...
2024-07-29 12:23:45,497 - logging_setup - INFO - Script execution completed.
2024-07-29 15:14:12,096 - logging_setup - INFO - Loading data from data/mushrooms.csv...
2024-07-29 15:14:12,113 - logging_setup - INFO - Preprocessing data...
2024-07-29 15:14:12,116 - logging_setup - INFO - Encoding column: class
2024-07-29 15:14:12,118 - logging_setup - INFO - Encoding column: cap-shape
2024-07-29 15:14:12,119 - logging_setup - INFO - Encoding column: cap-surface
2024-07-29 15:14:12,121 - logging_setup - INFO - Encoding column: cap-color
2024-07-29 15:14:12,124 - logging_setup - INFO - Encoding column: bruises
2024-07-29 15:14:12,126 - logging_setup - INFO - Encoding column: odor
2024-07-29 15:14:12,129 - logging_setup - INFO - Encoding column: gill-attachment
2024-07-29 15:14:12,131 - logging_setup - INFO - Encoding column: gill-spacing
2024-07-29 15:14:12,133 - logging_setup - INFO - Encoding column: gill-size
2024-07-29 15:14:12,134 - logging_setup - INFO - Encoding column: gill-color
2024-07-29 15:14:12,136 - logging_setup - INFO - Encoding column: stalk-shape
2024-07-29 15:14:12,138 - logging_setup - INFO - Encoding column: stalk-root
2024-07-29 15:14:12,140 - logging_setup - INFO - Encoding column: stalk-surface-above-ring
2024-07-29 15:14:12,142 - logging_setup - INFO - Encoding column: stalk-surface-below-ring
2024-07-29 15:14:12,145 - logging_setup - INFO - Encoding column: stalk-color-above-ring
2024-07-29 15:14:12,147 - logging_setup - INFO - Encoding column: stalk-color-below-ring
2024-07-29 15:14:12,149 - logging_setup - INFO - Encoding column: veil-type
2024-07-29 15:14:12,152 - logging_setup - INFO - Encoding column: veil-color
2024-07-29 15:14:12,154 - logging_setup - INFO - Encoding column: ring-number
2024-07-29 15:14:12,157 - logging_setup - INFO - Encoding column: ring-type
2024-07-29 15:14:12,161 - logging_setup - INFO - Encoding column: spore-print-color
2024-07-29 15:14:12,163 - logging_setup - INFO - Encoding column: population
2024-07-29 15:14:12,165 - logging_setup - INFO - Encoding column: habitat
2024-07-29 15:14:12,168 - logging_setup - INFO - Data preprocessing completed.
2024-07-29 15:14:12,175 - logging_setup - INFO - Splitting data into training and testing sets...
2024-07-29 15:14:12,182 - logging_setup - INFO - Training the model...
2024-07-29 15:14:12,433 - logging_setup - INFO - Evaluating the model...
2024-07-29 15:14:12,461 - logging_setup - INFO - Accuracy: 1.0
2024-07-29 15:14:12,461 - logging_setup - INFO - 
Classification Report:
              precision    recall  f1-score   support

           0       1.00      1.00      1.00       843
           1       1.00      1.00      1.00       782

    accuracy                           1.00      1625
   macro avg       1.00      1.00      1.00      1625
weighted avg       1.00      1.00      1.00      1625

2024-07-29 15:14:12,462 - logging_setup - INFO - Saving model and encoders...
2024-07-29 15:14:12,509 - logging_setup - INFO - Script execution completed.
2024-07-29 17:19:21,138 - logging_setup - INFO - Loading data from data/mushrooms.csv...
2024-07-29 17:19:21,154 - logging_setup - INFO - Preprocessing data...
2024-07-29 17:19:21,157 - logging_setup - INFO - Encoding column: class
2024-07-29 17:19:21,159 - logging_setup - INFO - Encoding column: cap-shape
2024-07-29 17:19:21,160 - logging_setup - INFO - Encoding column: cap-surface
2024-07-29 17:19:21,162 - logging_setup - INFO - Encoding column: cap-color
2024-07-29 17:19:21,163 - logging_setup - INFO - Encoding column: bruises
2024-07-29 17:19:21,165 - logging_setup - INFO - Encoding column: odor
2024-07-29 17:19:21,167 - logging_setup - INFO - Encoding column: gill-attachment
2024-07-29 17:19:21,169 - logging_setup - INFO - Encoding column: gill-spacing
2024-07-29 17:19:21,171 - logging_setup - INFO - Encoding column: gill-size
2024-07-29 17:19:21,173 - logging_setup - INFO - Encoding column: gill-color
2024-07-29 17:19:21,174 - logging_setup - INFO - Encoding column: stalk-shape
2024-07-29 17:19:21,177 - logging_setup - INFO - Encoding column: stalk-root
2024-07-29 17:19:21,179 - logging_setup - INFO - Encoding column: stalk-surface-above-ring
2024-07-29 17:19:21,180 - logging_setup - INFO - Encoding column: stalk-surface-below-ring
2024-07-29 17:19:21,182 - logging_setup - INFO - Encoding column: stalk-color-above-ring
2024-07-29 17:19:21,184 - logging_setup - INFO - Encoding column: stalk-color-below-ring
2024-07-29 17:19:21,186 - logging_setup - INFO - Encoding column: veil-type
2024-07-29 17:19:21,188 - logging_setup - INFO - Encoding column: veil-color
2024-07-29 17:19:21,190 - logging_setup - INFO - Encoding column: ring-number
2024-07-29 17:19:21,191 - logging_setup - INFO - Encoding column: ring-type
2024-07-29 17:19:21,194 - logging_setup - INFO - Encoding column: spore-print-color
2024-07-29 17:19:21,196 - logging_setup - INFO - Encoding column: population
2024-07-29 17:19:21,199 - logging_setup - INFO - Encoding column: habitat
2024-07-29 17:19:21,202 - logging_setup - INFO - Data preprocessing completed.
2024-07-29 17:19:21,207 - logging_setup - INFO - Splitting data into training and testing sets...
2024-07-29 17:19:21,213 - logging_setup - INFO - Training the model...
2024-07-29 17:19:21,454 - logging_setup - INFO - Evaluating the model...
2024-07-29 17:19:21,474 - logging_setup - INFO - Accuracy: 1.0
2024-07-29 17:19:21,475 - logging_setup - INFO - 
Classification Report:
              precision    recall  f1-score   support

           0       1.00      1.00      1.00       843
           1       1.00      1.00      1.00       782

    accuracy                           1.00      1625
   macro avg       1.00      1.00      1.00      1625
weighted avg       1.00      1.00      1.00      1625

2024-07-29 17:19:21,476 - logging_setup - INFO - Saving model and encoders...
2024-07-29 17:19:21,508 - logging_setup - INFO - Script execution completed.
2024-07-29 17:25:51,479 - logging_setup - INFO - Loading data from data/mushrooms.csv...
2024-07-29 17:25:51,495 - logging_setup - INFO - Preprocessing data...
2024-07-29 17:25:51,498 - logging_setup - INFO - Encoding column: class
2024-07-29 17:25:51,499 - logging_setup - INFO - Encoding column: cap-shape
2024-07-29 17:25:51,501 - logging_setup - INFO - Encoding column: cap-surface
2024-07-29 17:25:51,503 - logging_setup - INFO - Encoding column: cap-color
2024-07-29 17:25:51,505 - logging_setup - INFO - Encoding column: bruises
2024-07-29 17:25:51,506 - logging_setup - INFO - Encoding column: odor
2024-07-29 17:25:51,507 - logging_setup - INFO - Encoding column: gill-attachment
2024-07-29 17:25:51,509 - logging_setup - INFO - Encoding column: gill-spacing
2024-07-29 17:25:51,510 - logging_setup - INFO - Encoding column: gill-size
2024-07-29 17:25:51,513 - logging_setup - INFO - Encoding column: gill-color
2024-07-29 17:25:51,515 - logging_setup - INFO - Encoding column: stalk-shape
2024-07-29 17:25:51,518 - logging_setup - INFO - Encoding column: stalk-root
2024-07-29 17:25:51,519 - logging_setup - INFO - Encoding column: stalk-surface-above-ring
2024-07-29 17:25:51,521 - logging_setup - INFO - Encoding column: stalk-surface-below-ring
2024-07-29 17:25:51,523 - logging_setup - INFO - Encoding column: stalk-color-above-ring
2024-07-29 17:25:51,525 - logging_setup - INFO - Encoding column: stalk-color-below-ring
2024-07-29 17:25:51,527 - logging_setup - INFO - Encoding column: veil-type
2024-07-29 17:25:51,529 - logging_setup - INFO - Encoding column: veil-color
2024-07-29 17:25:51,531 - logging_setup - INFO - Encoding column: ring-number
2024-07-29 17:25:51,533 - logging_setup - INFO - Encoding column: ring-type
2024-07-29 17:25:51,535 - logging_setup - INFO - Encoding column: spore-print-color
2024-07-29 17:25:51,538 - logging_setup - INFO - Encoding column: population
2024-07-29 17:25:51,539 - logging_setup - INFO - Encoding column: habitat
2024-07-29 17:25:51,542 - logging_setup - INFO - Data preprocessing completed.
2024-07-29 17:25:51,547 - logging_setup - INFO - Splitting data into training and testing sets...
2024-07-29 17:25:51,552 - logging_setup - INFO - Training the model...
2024-07-29 17:25:51,791 - logging_setup - INFO - Evaluating the model...
2024-07-29 17:25:51,811 - logging_setup - INFO - Accuracy: 1.0
2024-07-29 17:25:51,812 - logging_setup - INFO - 
Classification Report:
              precision    recall  f1-score   support

           0       1.00      1.00      1.00       843
           1       1.00      1.00      1.00       782

    accuracy                           1.00      1625
   macro avg       1.00      1.00      1.00      1625
weighted avg       1.00      1.00      1.00      1625

2024-07-29 17:25:51,812 - logging_setup - INFO - Saving model and encoders...
2024-07-29 17:25:51,844 - logging_setup - INFO - Script execution completed.
2024-07-30 14:26:51,500 - logging_setup - INFO - Loading data from data/mushrooms.csv...
2024-07-30 14:26:51,520 - logging_setup - INFO - Preprocessing data...
2024-07-30 14:26:51,524 - logging_setup - INFO - Encoding column: class
2024-07-30 14:26:51,526 - logging_setup - INFO - Encoding column: cap-shape
2024-07-30 14:26:51,528 - logging_setup - INFO - Encoding column: cap-surface
2024-07-30 14:26:51,531 - logging_setup - INFO - Encoding column: cap-color
2024-07-30 14:26:51,533 - logging_setup - INFO - Encoding column: bruises
2024-07-30 14:26:51,536 - logging_setup - INFO - Encoding column: odor
2024-07-30 14:26:51,538 - logging_setup - INFO - Encoding column: gill-attachment
2024-07-30 14:26:51,541 - logging_setup - INFO - Encoding column: gill-spacing
2024-07-30 14:26:51,544 - logging_setup - INFO - Encoding column: gill-size
2024-07-30 14:26:51,546 - logging_setup - INFO - Encoding column: gill-color
2024-07-30 14:26:51,548 - logging_setup - INFO - Encoding column: stalk-shape
2024-07-30 14:26:51,550 - logging_setup - INFO - Encoding column: stalk-root
2024-07-30 14:26:51,553 - logging_setup - INFO - Encoding column: stalk-surface-above-ring
2024-07-30 14:26:51,555 - logging_setup - INFO - Encoding column: stalk-surface-below-ring
2024-07-30 14:26:51,558 - logging_setup - INFO - Encoding column: stalk-color-above-ring
2024-07-30 14:26:51,560 - logging_setup - INFO - Encoding column: stalk-color-below-ring
2024-07-30 14:26:51,563 - logging_setup - INFO - Encoding column: veil-type
2024-07-30 14:26:51,566 - logging_setup - INFO - Encoding column: veil-color
2024-07-30 14:26:51,570 - logging_setup - INFO - Encoding column: ring-number
2024-07-30 14:26:51,574 - logging_setup - INFO - Encoding column: ring-type
2024-07-30 14:26:51,576 - logging_setup - INFO - Encoding column: spore-print-color
2024-07-30 14:26:51,579 - logging_setup - INFO - Encoding column: population
2024-07-30 14:26:51,582 - logging_setup - INFO - Encoding column: habitat
2024-07-30 14:26:51,584 - logging_setup - INFO - Data preprocessing completed.
2024-07-30 14:26:51,591 - logging_setup - INFO - Splitting data into training and testing sets...
2024-07-30 14:26:51,599 - logging_setup - INFO - Training the model...
2024-07-30 14:26:51,872 - logging_setup - INFO - Evaluating the model...
2024-07-30 14:26:51,894 - logging_setup - INFO - Accuracy: 1.0
2024-07-30 14:26:51,894 - logging_setup - INFO - 
Classification Report:
              precision    recall  f1-score   support

           0       1.00      1.00      1.00       843
           1       1.00      1.00      1.00       782

    accuracy                           1.00      1625
   macro avg       1.00      1.00      1.00      1625
weighted avg       1.00      1.00      1.00      1625

2024-07-30 14:26:51,896 - logging_setup - INFO - Saving model and encoders...
2024-07-30 14:26:51,939 - logging_setup - INFO - Script execution completed.
2024-07-30 14:38:29,508 - logging_setup - INFO - Loading data from data/mushrooms.csv...
2024-07-30 14:38:29,526 - logging_setup - INFO - Preprocessing data...
2024-07-30 14:38:29,528 - logging_setup - INFO - Encoding column: class
2024-07-30 14:38:29,531 - logging_setup - INFO - Encoding column: cap-shape
2024-07-30 14:38:29,534 - logging_setup - INFO - Encoding column: cap-surface
2024-07-30 14:38:29,536 - logging_setup - INFO - Encoding column: cap-color
2024-07-30 14:38:29,539 - logging_setup - INFO - Encoding column: bruises
2024-07-30 14:38:29,541 - logging_setup - INFO - Encoding column: odor
2024-07-30 14:38:29,545 - logging_setup - INFO - Encoding column: gill-attachment
2024-07-30 14:38:29,548 - logging_setup - INFO - Encoding column: gill-spacing
2024-07-30 14:38:29,550 - logging_setup - INFO - Encoding column: gill-size
2024-07-30 14:38:29,552 - logging_setup - INFO - Encoding column: gill-color
2024-07-30 14:38:29,556 - logging_setup - INFO - Encoding column: stalk-shape
2024-07-30 14:38:29,561 - logging_setup - INFO - Encoding column: stalk-root
2024-07-30 14:38:29,563 - logging_setup - INFO - Encoding column: stalk-surface-above-ring
2024-07-30 14:38:29,565 - logging_setup - INFO - Encoding column: stalk-surface-below-ring
2024-07-30 14:38:29,568 - logging_setup - INFO - Encoding column: stalk-color-above-ring
2024-07-30 14:38:29,570 - logging_setup - INFO - Encoding column: stalk-color-below-ring
2024-07-30 14:38:29,573 - logging_setup - INFO - Encoding column: veil-type
2024-07-30 14:38:29,575 - logging_setup - INFO - Encoding column: veil-color
2024-07-30 14:38:29,577 - logging_setup - INFO - Encoding column: ring-number
2024-07-30 14:38:29,580 - logging_setup - INFO - Encoding column: ring-type
2024-07-30 14:38:29,583 - logging_setup - INFO - Encoding column: spore-print-color
2024-07-30 14:38:29,586 - logging_setup - INFO - Encoding column: population
2024-07-30 14:38:29,588 - logging_setup - INFO - Encoding column: habitat
2024-07-30 14:38:29,590 - logging_setup - INFO - Data preprocessing completed.
2024-07-30 14:38:29,596 - logging_setup - INFO - Splitting data into training and testing sets...
2024-07-30 14:38:29,603 - logging_setup - INFO - Training the model...
2024-07-30 14:38:29,858 - logging_setup - INFO - Evaluating the model...
2024-07-30 14:38:29,885 - logging_setup - INFO - Accuracy: 1.0
2024-07-30 14:38:29,886 - logging_setup - INFO - 
Classification Report:
              precision    recall  f1-score   support

           0       1.00      1.00      1.00       843
           1       1.00      1.00      1.00       782

    accuracy                           1.00      1625
   macro avg       1.00      1.00      1.00      1625
weighted avg       1.00      1.00      1.00      1625

2024-07-30 14:38:29,887 - logging_setup - INFO - Saving model and encoders...
2024-07-30 14:38:29,938 - logging_setup - INFO - Script execution completed.
2024-08-04 14:29:42,989 - logging_setup - INFO - Loading data from data/mushrooms.csv...
2024-08-04 14:29:43,008 - logging_setup - INFO - Preprocessing data...
2024-08-04 14:29:43,010 - logging_setup - INFO - Encoding column: class
2024-08-04 14:29:43,012 - logging_setup - INFO - Encoding column: cap-shape
2024-08-04 14:29:43,014 - logging_setup - INFO - Encoding column: cap-surface
2024-08-04 14:29:43,015 - logging_setup - INFO - Encoding column: cap-color
2024-08-04 14:29:43,018 - logging_setup - INFO - Encoding column: bruises
2024-08-04 14:29:43,019 - logging_setup - INFO - Encoding column: odor
2024-08-04 14:29:43,021 - logging_setup - INFO - Encoding column: gill-attachment
2024-08-04 14:29:43,023 - logging_setup - INFO - Encoding column: gill-spacing
2024-08-04 14:29:43,025 - logging_setup - INFO - Encoding column: gill-size
2024-08-04 14:29:43,026 - logging_setup - INFO - Encoding column: gill-color
2024-08-04 14:29:43,028 - logging_setup - INFO - Encoding column: stalk-shape
2024-08-04 14:29:43,030 - logging_setup - INFO - Encoding column: stalk-root
2024-08-04 14:29:43,032 - logging_setup - INFO - Encoding column: stalk-surface-above-ring
2024-08-04 14:29:43,035 - logging_setup - INFO - Encoding column: stalk-surface-below-ring
2024-08-04 14:29:43,036 - logging_setup - INFO - Encoding column: stalk-color-above-ring
2024-08-04 14:29:43,038 - logging_setup - INFO - Encoding column: stalk-color-below-ring
2024-08-04 14:29:43,039 - logging_setup - INFO - Encoding column: veil-type
2024-08-04 14:29:43,042 - logging_setup - INFO - Encoding column: veil-color
2024-08-04 14:29:43,044 - logging_setup - INFO - Encoding column: ring-number
2024-08-04 14:29:43,046 - logging_setup - INFO - Encoding column: ring-type
2024-08-04 14:29:43,050 - logging_setup - INFO - Encoding column: spore-print-color
2024-08-04 14:29:43,052 - logging_setup - INFO - Encoding column: population
2024-08-04 14:29:43,054 - logging_setup - INFO - Encoding column: habitat
2024-08-04 14:29:43,057 - logging_setup - INFO - Data preprocessing completed.
2024-08-04 14:29:43,063 - logging_setup - INFO - Splitting data into training and testing sets...
2024-08-04 14:29:43,076 - logging_setup - INFO - Training the model...
2024-08-04 14:29:43,331 - logging_setup - INFO - Evaluating the model...
2024-08-04 14:29:43,360 - logging_setup - INFO - Accuracy: 1.0
2024-08-04 14:29:43,360 - logging_setup - INFO - 
Classification Report:
              precision    recall  f1-score   support

           0       1.00      1.00      1.00       843
           1       1.00      1.00      1.00       782

    accuracy                           1.00      1625
   macro avg       1.00      1.00      1.00      1625
weighted avg       1.00      1.00      1.00      1625

2024-08-04 14:29:43,361 - logging_setup - INFO - Evaluating the model...
2024-08-04 14:29:43,377 - logging_setup - INFO - Accuracy: 1.0
2024-08-04 14:29:43,378 - logging_setup - INFO - 
Classification Report:
              precision    recall  f1-score   support

           0       1.00      1.00      1.00       843
           1       1.00      1.00      1.00       782

    accuracy                           1.00      1625
   macro avg       1.00      1.00      1.00      1625
weighted avg       1.00      1.00      1.00      1625

2024-08-04 14:29:43,379 - logging_setup - INFO - Saving model and encoders...
2024-08-04 14:29:43,415 - logging_setup - INFO - Script execution completed.
2024-08-04 14:29:43,416 - logging_setup - INFO - Saving model and encoders...
2024-08-04 14:29:43,453 - logging_setup - INFO - Script execution completed.
2024-08-04 16:58:57,822 - logging_setup - INFO - Loading data from data/mushrooms.csv...
2024-08-04 16:58:57,841 - logging_setup - INFO - Preprocessing data...
2024-08-04 16:58:57,844 - logging_setup - INFO - Encoding column: class
2024-08-04 16:58:57,846 - logging_setup - INFO - Encoding column: cap-shape
2024-08-04 16:58:57,847 - logging_setup - INFO - Encoding column: cap-surface
2024-08-04 16:58:57,849 - logging_setup - INFO - Encoding column: cap-color
2024-08-04 16:58:57,851 - logging_setup - INFO - Encoding column: bruises
2024-08-04 16:58:57,852 - logging_setup - INFO - Encoding column: odor
2024-08-04 16:58:57,854 - logging_setup - INFO - Encoding column: gill-attachment
2024-08-04 16:58:57,855 - logging_setup - INFO - Encoding column: gill-spacing
2024-08-04 16:58:57,857 - logging_setup - INFO - Encoding column: gill-size
2024-08-04 16:58:57,859 - logging_setup - INFO - Encoding column: gill-color
2024-08-04 16:58:57,862 - logging_setup - INFO - Encoding column: stalk-shape
2024-08-04 16:58:57,865 - logging_setup - INFO - Encoding column: stalk-root
2024-08-04 16:58:57,869 - logging_setup - INFO - Encoding column: stalk-surface-above-ring
2024-08-04 16:58:57,872 - logging_setup - INFO - Encoding column: stalk-surface-below-ring
2024-08-04 16:58:57,874 - logging_setup - INFO - Encoding column: stalk-color-above-ring
2024-08-04 16:58:57,876 - logging_setup - INFO - Encoding column: stalk-color-below-ring
2024-08-04 16:58:57,878 - logging_setup - INFO - Encoding column: veil-type
2024-08-04 16:58:57,881 - logging_setup - INFO - Encoding column: veil-color
2024-08-04 16:58:57,883 - logging_setup - INFO - Encoding column: ring-number
2024-08-04 16:58:57,886 - logging_setup - INFO - Encoding column: ring-type
2024-08-04 16:58:57,888 - logging_setup - INFO - Encoding column: spore-print-color
2024-08-04 16:58:57,891 - logging_setup - INFO - Encoding column: population
2024-08-04 16:58:57,894 - logging_setup - INFO - Encoding column: habitat
2024-08-04 16:58:57,897 - logging_setup - INFO - Data preprocessing completed.
2024-08-04 16:58:57,903 - logging_setup - INFO - Splitting data into training and testing sets...
2024-08-04 16:58:57,911 - logging_setup - INFO - Training the model...
2024-08-04 16:58:58,166 - logging_setup - INFO - Evaluating the model...
2024-08-04 16:58:58,186 - logging_setup - INFO - Accuracy: 1.0
2024-08-04 16:58:58,186 - logging_setup - INFO - 
Classification Report:
              precision    recall  f1-score   support

           0       1.00      1.00      1.00       843
           1       1.00      1.00      1.00       782

    accuracy                           1.00      1625
   macro avg       1.00      1.00      1.00      1625
weighted avg       1.00      1.00      1.00      1625

2024-08-04 16:58:58,188 - logging_setup - INFO - Evaluating the model...
2024-08-04 16:58:58,206 - logging_setup - INFO - Accuracy: 1.0
2024-08-04 16:58:58,206 - logging_setup - INFO - 
Classification Report:
              precision    recall  f1-score   support

           0       1.00      1.00      1.00       843
           1       1.00      1.00      1.00       782

    accuracy                           1.00      1625
   macro avg       1.00      1.00      1.00      1625
weighted avg       1.00      1.00      1.00      1625

2024-08-04 16:58:58,207 - logging_setup - INFO - Saving model and encoders...
2024-08-04 16:58:58,243 - logging_setup - INFO - Script execution completed.
2024-08-04 16:58:58,244 - logging_setup - INFO - Saving model and encoders...
2024-08-04 16:58:58,278 - logging_setup - INFO - Script execution completed.
2024-08-04 17:39:43,891 - logging_setup - INFO - Loading data from data/mushrooms.csv...
2024-08-04 17:39:43,906 - logging_setup - INFO - Preprocessing data...
2024-08-04 17:39:43,907 - logging_setup - INFO - Encoding column: class
2024-08-04 17:39:43,910 - logging_setup - INFO - Encoding column: cap-shape
2024-08-04 17:39:43,911 - logging_setup - INFO - Encoding column: cap-surface
2024-08-04 17:39:43,913 - logging_setup - INFO - Encoding column: cap-color
2024-08-04 17:39:43,915 - logging_setup - INFO - Encoding column: bruises
2024-08-04 17:39:43,917 - logging_setup - INFO - Encoding column: odor
2024-08-04 17:39:43,918 - logging_setup - INFO - Encoding column: gill-attachment
2024-08-04 17:39:43,920 - logging_setup - INFO - Encoding column: gill-spacing
2024-08-04 17:39:43,923 - logging_setup - INFO - Encoding column: gill-size
2024-08-04 17:39:43,925 - logging_setup - INFO - Encoding column: gill-color
2024-08-04 17:39:43,928 - logging_setup - INFO - Encoding column: stalk-shape
2024-08-04 17:39:43,933 - logging_setup - INFO - Encoding column: stalk-root
2024-08-04 17:39:43,937 - logging_setup - INFO - Encoding column: stalk-surface-above-ring
2024-08-04 17:39:43,939 - logging_setup - INFO - Encoding column: stalk-surface-below-ring
2024-08-04 17:39:43,941 - logging_setup - INFO - Encoding column: stalk-color-above-ring
2024-08-04 17:39:43,943 - logging_setup - INFO - Encoding column: stalk-color-below-ring
2024-08-04 17:39:43,946 - logging_setup - INFO - Encoding column: veil-type
2024-08-04 17:39:43,948 - logging_setup - INFO - Encoding column: veil-color
2024-08-04 17:39:43,951 - logging_setup - INFO - Encoding column: ring-number
2024-08-04 17:39:43,953 - logging_setup - INFO - Encoding column: ring-type
2024-08-04 17:39:43,955 - logging_setup - INFO - Encoding column: spore-print-color
2024-08-04 17:39:43,958 - logging_setup - INFO - Encoding column: population
2024-08-04 17:39:43,961 - logging_setup - INFO - Encoding column: habitat
2024-08-04 17:39:43,962 - logging_setup - INFO - Data preprocessing completed.
2024-08-04 17:39:43,966 - logging_setup - INFO - Splitting data into training and testing sets...
2024-08-04 17:39:43,971 - logging_setup - INFO - Training the model...
2024-08-04 17:39:44,225 - logging_setup - INFO - Evaluating the model...
2024-08-04 17:39:44,281 - logging_setup - INFO - Accuracy: 1.0
2024-08-04 17:39:44,281 - logging_setup - INFO - 
Classification Report:
              precision    recall  f1-score   support

           0       1.00      1.00      1.00       843
           1       1.00      1.00      1.00       782

    accuracy                           1.00      1625
   macro avg       1.00      1.00      1.00      1625
weighted avg       1.00      1.00      1.00      1625

2024-08-04 17:39:44,282 - logging_setup - INFO - Evaluating the model...
2024-08-04 17:39:44,297 - logging_setup - INFO - Accuracy: 1.0
2024-08-04 17:39:44,297 - logging_setup - INFO - 
Classification Report:
              precision    recall  f1-score   support

           0       1.00      1.00      1.00       843
           1       1.00      1.00      1.00       782

    accuracy                           1.00      1625
   macro avg       1.00      1.00      1.00      1625
weighted avg       1.00      1.00      1.00      1625

2024-08-04 17:39:44,298 - logging_setup - INFO - Saving model and encoders...
2024-08-04 17:39:44,343 - logging_setup - INFO - Script execution completed.
2024-08-04 17:39:44,344 - logging_setup - INFO - Saving model and encoders...
2024-08-04 17:39:44,372 - logging_setup - INFO - Script execution completed.
2024-08-04 17:44:48,339 - logging_setup - INFO - Loading data from data/mushrooms.csv...
2024-08-04 17:44:48,352 - logging_setup - INFO - Preprocessing data...
2024-08-04 17:44:48,352 - logging_setup - INFO - Encoding column: class
2024-08-04 17:44:48,354 - logging_setup - INFO - Encoding column: cap-shape
2024-08-04 17:44:48,355 - logging_setup - INFO - Encoding column: cap-surface
2024-08-04 17:44:48,357 - logging_setup - INFO - Encoding column: cap-color
2024-08-04 17:44:48,358 - logging_setup - INFO - Encoding column: bruises
2024-08-04 17:44:48,360 - logging_setup - INFO - Encoding column: odor
2024-08-04 17:44:48,361 - logging_setup - INFO - Encoding column: gill-attachment
2024-08-04 17:44:48,362 - logging_setup - INFO - Encoding column: gill-spacing
2024-08-04 17:44:48,364 - logging_setup - INFO - Encoding column: gill-size
2024-08-04 17:44:48,366 - logging_setup - INFO - Encoding column: gill-color
2024-08-04 17:44:48,368 - logging_setup - INFO - Encoding column: stalk-shape
2024-08-04 17:44:48,371 - logging_setup - INFO - Encoding column: stalk-root
2024-08-04 17:44:48,374 - logging_setup - INFO - Encoding column: stalk-surface-above-ring
2024-08-04 17:44:48,376 - logging_setup - INFO - Encoding column: stalk-surface-below-ring
2024-08-04 17:44:48,379 - logging_setup - INFO - Encoding column: stalk-color-above-ring
2024-08-04 17:44:48,381 - logging_setup - INFO - Encoding column: stalk-color-below-ring
2024-08-04 17:44:48,383 - logging_setup - INFO - Encoding column: veil-type
2024-08-04 17:44:48,385 - logging_setup - INFO - Encoding column: veil-color
2024-08-04 17:44:48,388 - logging_setup - INFO - Encoding column: ring-number
2024-08-04 17:44:48,390 - logging_setup - INFO - Encoding column: ring-type
2024-08-04 17:44:48,392 - logging_setup - INFO - Encoding column: spore-print-color
2024-08-04 17:44:48,394 - logging_setup - INFO - Encoding column: population
2024-08-04 17:44:48,397 - logging_setup - INFO - Encoding column: habitat
2024-08-04 17:44:48,399 - logging_setup - INFO - Data preprocessing completed.
2024-08-04 17:44:48,402 - logging_setup - INFO - Splitting data into training and testing sets...
2024-08-04 17:44:48,406 - logging_setup - INFO - Training the model...
2024-08-04 17:44:48,650 - logging_setup - INFO - Evaluating the model...
2024-08-04 17:44:48,669 - logging_setup - INFO - Accuracy: 1.0
2024-08-04 17:44:48,670 - logging_setup - INFO - 
Classification Report:
              precision    recall  f1-score   support

           0       1.00      1.00      1.00       843
           1       1.00      1.00      1.00       782

    accuracy                           1.00      1625
   macro avg       1.00      1.00      1.00      1625
weighted avg       1.00      1.00      1.00      1625

2024-08-04 17:44:48,670 - logging_setup - INFO - Evaluating the model...
2024-08-04 17:44:48,688 - logging_setup - INFO - Accuracy: 1.0
2024-08-04 17:44:48,688 - logging_setup - INFO - 
Classification Report:
              precision    recall  f1-score   support

           0       1.00      1.00      1.00       843
           1       1.00      1.00      1.00       782

    accuracy                           1.00      1625
   macro avg       1.00      1.00      1.00      1625
weighted avg       1.00      1.00      1.00      1625

2024-08-04 17:44:48,689 - logging_setup - INFO - Saving model and encoders...
2024-08-04 17:44:48,726 - logging_setup - INFO - Script execution completed.
2024-08-04 17:44:48,727 - logging_setup - INFO - Saving model and encoders...
2024-08-04 17:44:48,760 - logging_setup - INFO - Script execution completed.
2024-08-04 17:52:23,484 - logging_setup - INFO - Loading data from data/mushrooms.csv...
2024-08-04 17:52:23,499 - logging_setup - INFO - Preprocessing data...
2024-08-04 17:52:23,500 - logging_setup - INFO - Encoding column: class
2024-08-04 17:52:23,502 - logging_setup - INFO - Encoding column: cap-shape
2024-08-04 17:52:23,504 - logging_setup - INFO - Encoding column: cap-surface
2024-08-04 17:52:23,505 - logging_setup - INFO - Encoding column: cap-color
2024-08-04 17:52:23,508 - logging_setup - INFO - Encoding column: bruises
2024-08-04 17:52:23,509 - logging_setup - INFO - Encoding column: odor
2024-08-04 17:52:23,511 - logging_setup - INFO - Encoding column: gill-attachment
2024-08-04 17:52:23,513 - logging_setup - INFO - Encoding column: gill-spacing
2024-08-04 17:52:23,514 - logging_setup - INFO - Encoding column: gill-size
2024-08-04 17:52:23,516 - logging_setup - INFO - Encoding column: gill-color
2024-08-04 17:52:23,518 - logging_setup - INFO - Encoding column: stalk-shape
2024-08-04 17:52:23,519 - logging_setup - INFO - Encoding column: stalk-root
2024-08-04 17:52:23,521 - logging_setup - INFO - Encoding column: stalk-surface-above-ring
2024-08-04 17:52:23,522 - logging_setup - INFO - Encoding column: stalk-surface-below-ring
2024-08-04 17:52:23,525 - logging_setup - INFO - Encoding column: stalk-color-above-ring
2024-08-04 17:52:23,527 - logging_setup - INFO - Encoding column: stalk-color-below-ring
2024-08-04 17:52:23,529 - logging_setup - INFO - Encoding column: veil-type
2024-08-04 17:52:23,531 - logging_setup - INFO - Encoding column: veil-color
2024-08-04 17:52:23,533 - logging_setup - INFO - Encoding column: ring-number
2024-08-04 17:52:23,535 - logging_setup - INFO - Encoding column: ring-type
2024-08-04 17:52:23,537 - logging_setup - INFO - Encoding column: spore-print-color
2024-08-04 17:52:23,539 - logging_setup - INFO - Encoding column: population
2024-08-04 17:52:23,541 - logging_setup - INFO - Encoding column: habitat
2024-08-04 17:52:23,543 - logging_setup - INFO - Data preprocessing completed.
2024-08-04 17:52:23,548 - logging_setup - INFO - Splitting data into training and testing sets...
2024-08-04 17:52:23,554 - logging_setup - INFO - Training the model...
2024-08-04 17:52:23,801 - logging_setup - INFO - Evaluating the model...
2024-08-04 17:52:23,819 - logging_setup - INFO - Accuracy: 1.0
2024-08-04 17:52:23,819 - logging_setup - INFO - 
Classification Report:
              precision    recall  f1-score   support

           0       1.00      1.00      1.00       843
           1       1.00      1.00      1.00       782

    accuracy                           1.00      1625
   macro avg       1.00      1.00      1.00      1625
weighted avg       1.00      1.00      1.00      1625

2024-08-04 17:52:23,820 - logging_setup - INFO - Evaluating the model...
2024-08-04 17:52:23,837 - logging_setup - INFO - Accuracy: 1.0
2024-08-04 17:52:23,838 - logging_setup - INFO - 
Classification Report:
              precision    recall  f1-score   support

           0       1.00      1.00      1.00       843
           1       1.00      1.00      1.00       782

    accuracy                           1.00      1625
   macro avg       1.00      1.00      1.00      1625
weighted avg       1.00      1.00      1.00      1625

2024-08-04 17:52:23,838 - logging_setup - INFO - Saving model and encoders...
2024-08-04 17:52:23,876 - logging_setup - INFO - Script execution completed.
2024-08-04 17:52:23,876 - logging_setup - INFO - Saving model and encoders...
2024-08-04 17:52:23,907 - logging_setup - INFO - Script execution completed.
2024-08-04 17:58:50,277 - logging_setup - INFO - Loading data from data/mushrooms.csv...
2024-08-04 17:58:50,292 - logging_setup - INFO - Preprocessing data...
2024-08-04 17:58:50,294 - logging_setup - INFO - Encoding column: class
2024-08-04 17:58:50,297 - logging_setup - INFO - Encoding column: cap-shape
2024-08-04 17:58:50,300 - logging_setup - INFO - Encoding column: cap-surface
2024-08-04 17:58:50,301 - logging_setup - INFO - Encoding column: cap-color
2024-08-04 17:58:50,303 - logging_setup - INFO - Encoding column: bruises
2024-08-04 17:58:50,304 - logging_setup - INFO - Encoding column: odor
2024-08-04 17:58:50,306 - logging_setup - INFO - Encoding column: gill-attachment
2024-08-04 17:58:50,308 - logging_setup - INFO - Encoding column: gill-spacing
2024-08-04 17:58:50,309 - logging_setup - INFO - Encoding column: gill-size
2024-08-04 17:58:50,311 - logging_setup - INFO - Encoding column: gill-color
2024-08-04 17:58:50,313 - logging_setup - INFO - Encoding column: stalk-shape
2024-08-04 17:58:50,315 - logging_setup - INFO - Encoding column: stalk-root
2024-08-04 17:58:50,318 - logging_setup - INFO - Encoding column: stalk-surface-above-ring
2024-08-04 17:58:50,319 - logging_setup - INFO - Encoding column: stalk-surface-below-ring
2024-08-04 17:58:50,321 - logging_setup - INFO - Encoding column: stalk-color-above-ring
2024-08-04 17:58:50,324 - logging_setup - INFO - Encoding column: stalk-color-below-ring
2024-08-04 17:58:50,327 - logging_setup - INFO - Encoding column: veil-type
2024-08-04 17:58:50,329 - logging_setup - INFO - Encoding column: veil-color
2024-08-04 17:58:50,331 - logging_setup - INFO - Encoding column: ring-number
2024-08-04 17:58:50,332 - logging_setup - INFO - Encoding column: ring-type
2024-08-04 17:58:50,334 - logging_setup - INFO - Encoding column: spore-print-color
2024-08-04 17:58:50,336 - logging_setup - INFO - Encoding column: population
2024-08-04 17:58:50,339 - logging_setup - INFO - Encoding column: habitat
2024-08-04 17:58:50,341 - logging_setup - INFO - Data preprocessing completed.
2024-08-04 17:58:50,346 - logging_setup - INFO - Splitting data into training and testing sets...
2024-08-04 17:58:50,351 - logging_setup - INFO - Training the model...
2024-08-04 17:58:50,594 - logging_setup - INFO - Evaluating the model...
2024-08-04 17:58:50,622 - logging_setup - INFO - Accuracy: 1.0
2024-08-04 17:58:50,623 - logging_setup - INFO - 
Classification Report:
              precision    recall  f1-score   support

           0       1.00      1.00      1.00       843
           1       1.00      1.00      1.00       782

    accuracy                           1.00      1625
   macro avg       1.00      1.00      1.00      1625
weighted avg       1.00      1.00      1.00      1625

2024-08-04 17:58:50,624 - logging_setup - INFO - Evaluating the model...
2024-08-04 17:58:50,643 - logging_setup - INFO - Accuracy: 1.0
2024-08-04 17:58:50,643 - logging_setup - INFO - 
Classification Report:
              precision    recall  f1-score   support

           0       1.00      1.00      1.00       843
           1       1.00      1.00      1.00       782

    accuracy                           1.00      1625
   macro avg       1.00      1.00      1.00      1625
weighted avg       1.00      1.00      1.00      1625

2024-08-04 17:58:50,644 - logging_setup - INFO - Saving model and encoders...
2024-08-04 17:58:50,680 - logging_setup - INFO - Script execution completed.
2024-08-04 17:58:50,680 - logging_setup - INFO - Saving model and encoders...
2024-08-04 17:58:50,710 - logging_setup - INFO - Script execution completed.
2024-08-04 18:17:00,374 - logging_setup - INFO - Loading data from data/mushrooms.csv...
2024-08-04 18:17:00,388 - logging_setup - INFO - Preprocessing data...
2024-08-04 18:17:00,388 - logging_setup - INFO - Encoding column: class
2024-08-04 18:17:00,391 - logging_setup - INFO - Encoding column: cap-shape
2024-08-04 18:17:00,393 - logging_setup - INFO - Encoding column: cap-surface
2024-08-04 18:17:00,394 - logging_setup - INFO - Encoding column: cap-color
2024-08-04 18:17:00,396 - logging_setup - INFO - Encoding column: bruises
2024-08-04 18:17:00,398 - logging_setup - INFO - Encoding column: odor
2024-08-04 18:17:00,400 - logging_setup - INFO - Encoding column: gill-attachment
2024-08-04 18:17:00,401 - logging_setup - INFO - Encoding column: gill-spacing
2024-08-04 18:17:00,403 - logging_setup - INFO - Encoding column: gill-size
2024-08-04 18:17:00,406 - logging_setup - INFO - Encoding column: gill-color
2024-08-04 18:17:00,408 - logging_setup - INFO - Encoding column: stalk-shape
2024-08-04 18:17:00,409 - logging_setup - INFO - Encoding column: stalk-root
2024-08-04 18:17:00,412 - logging_setup - INFO - Encoding column: stalk-surface-above-ring
2024-08-04 18:17:00,414 - logging_setup - INFO - Encoding column: stalk-surface-below-ring
2024-08-04 18:17:00,417 - logging_setup - INFO - Encoding column: stalk-color-above-ring
2024-08-04 18:17:00,418 - logging_setup - INFO - Encoding column: stalk-color-below-ring
2024-08-04 18:17:00,420 - logging_setup - INFO - Encoding column: veil-type
2024-08-04 18:17:00,422 - logging_setup - INFO - Encoding column: veil-color
2024-08-04 18:17:00,424 - logging_setup - INFO - Encoding column: ring-number
2024-08-04 18:17:00,426 - logging_setup - INFO - Encoding column: ring-type
2024-08-04 18:17:00,428 - logging_setup - INFO - Encoding column: spore-print-color
2024-08-04 18:17:00,430 - logging_setup - INFO - Encoding column: population
2024-08-04 18:17:00,432 - logging_setup - INFO - Encoding column: habitat
2024-08-04 18:17:00,434 - logging_setup - INFO - Data preprocessing completed.
2024-08-04 18:17:00,438 - logging_setup - INFO - Splitting data into training and testing sets...
2024-08-04 18:17:00,444 - logging_setup - INFO - Training the model...
2024-08-04 18:17:00,680 - logging_setup - INFO - Evaluating the model...
2024-08-04 18:17:00,708 - logging_setup - INFO - Accuracy: 1.0
2024-08-04 18:17:00,709 - logging_setup - INFO - 
Classification Report:
              precision    recall  f1-score   support

           0       1.00      1.00      1.00       843
           1       1.00      1.00      1.00       782

    accuracy                           1.00      1625
   macro avg       1.00      1.00      1.00      1625
weighted avg       1.00      1.00      1.00      1625

2024-08-04 18:17:00,710 - logging_setup - INFO - Evaluating the model...
2024-08-04 18:17:00,725 - logging_setup - INFO - Accuracy: 1.0
2024-08-04 18:17:00,725 - logging_setup - INFO - 
Classification Report:
              precision    recall  f1-score   support

           0       1.00      1.00      1.00       843
           1       1.00      1.00      1.00       782

    accuracy                           1.00      1625
   macro avg       1.00      1.00      1.00      1625
weighted avg       1.00      1.00      1.00      1625

2024-08-04 18:17:00,727 - logging_setup - INFO - Saving model and encoders...
2024-08-04 18:17:00,763 - logging_setup - INFO - Script execution completed.
2024-08-04 18:17:00,763 - logging_setup - INFO - Saving model and encoders...
2024-08-04 18:17:00,794 - logging_setup - INFO - Script execution completed.
